<?xml version="1.0" encoding="UTF-8"?>
<!-- Generated by org.testng.reporters.JUnitReportReporter -->
<testsuite skipped="0" hostname="LAPTOP-7H3VE7A9" name="testScenario.FormTest" tests="4" failures="1" timestamp="2020-10-28T18:07:43 IST" time="187.178" errors="0">
  <testcase name="TestOne" time="36.603" classname="testScenario.FormTest"/>
  <system-out/>
  <testcase name="TestOne" time="73.935" classname="testScenario.FormTest">
    <failure type="java.lang.AssertionError" message="timeout: Timed out receiving message from renderer: 60.000
  (Session info: chrome=86.0.4240.111)
Build info: version: &#039;3.141.59&#039;, revision: &#039;e82be7d358&#039;, time: &#039;2018-11-14T08:17:03&#039;
System info: host: &#039;LAPTOP-7H3VE7A9&#039;, ip: &#039;192.168.29.20&#039;, os.name: &#039;Windows 10&#039;, os.arch: &#039;amd64&#039;, os.version: &#039;10.0&#039;, java.version: &#039;1.8.0_261&#039;
Driver info: org.openqa.selenium.remote.RemoteWebDriver
Capabilities {acceptInsecureCerts: false, browserName: chrome, browserVersion: 86.0.4240.111, chrome: {chromedriverVersion: 86.0.4240.22 (398b0743353ff..., userDataDir: C:\Users\SUNITS~1\AppData\L...}, goog:chromeOptions: {debuggerAddress: localhost:15388}, javascriptEnabled: true, networkConnectionEnabled: false, pageLoadStrategy: normal, platform: WINDOWS, platformName: WINDOWS, proxy: Proxy(), setWindowRect: true, strictFileInteractability: false, timeouts: {implicit: 0, pageLoad: 300000, script: 30000}, unhandledPromptBehavior: dismiss and notify, webauthn:virtualAuthenticators: true, webdriver.remote.sessionid: 9cff22605d94e26e51f4336d906...}
Session ID: 9cff22605d94e26e51f4336d9061d765
*** Element info: {Using=xpath, value=//input[@name=&#039;FirstName&#039;]}">
      <![CDATA[java.lang.AssertionError: timeout: Timed out receiving message from renderer: 60.000
  (Session info: chrome=86.0.4240.111)
Build info: version: '3.141.59', revision: 'e82be7d358', time: '2018-11-14T08:17:03'
System info: host: 'LAPTOP-7H3VE7A9', ip: '192.168.29.20', os.name: 'Windows 10', os.arch: 'amd64', os.version: '10.0', java.version: '1.8.0_261'
Driver info: org.openqa.selenium.remote.RemoteWebDriver
Capabilities {acceptInsecureCerts: false, browserName: chrome, browserVersion: 86.0.4240.111, chrome: {chromedriverVersion: 86.0.4240.22 (398b0743353ff..., userDataDir: C:\Users\SUNITS~1\AppData\L...}, goog:chromeOptions: {debuggerAddress: localhost:15388}, javascriptEnabled: true, networkConnectionEnabled: false, pageLoadStrategy: normal, platform: WINDOWS, platformName: WINDOWS, proxy: Proxy(), setWindowRect: true, strictFileInteractability: false, timeouts: {implicit: 0, pageLoad: 300000, script: 30000}, unhandledPromptBehavior: dismiss and notify, webauthn:virtualAuthenticators: true, webdriver.remote.sessionid: 9cff22605d94e26e51f4336d906...}
Session ID: 9cff22605d94e26e51f4336d9061d765
*** Element info: {Using=xpath, value=//input[@name='FirstName']}
at org.testng.Assert.fail(Assert.java:99)
at Hackathon.identifyCourse.baseUI.reportFail(baseUI.java:464)
at Hackathon.identifyCourse.baseUI.getElement(baseUI.java:411)
at Hackathon.identifyCourse.baseUI.enterText(baseUI.java:208)
at testScenario.FormTest.TestOne(FormTest.java:34)
at sun.reflect.NativeMethodAccessorImpl.invoke0(Native Method)
at sun.reflect.NativeMethodAccessorImpl.invoke(NativeMethodAccessorImpl.java:62)
at sun.reflect.DelegatingMethodAccessorImpl.invoke(DelegatingMethodAccessorImpl.java:43)
at java.lang.reflect.Method.invoke(Method.java:498)
at org.testng.internal.MethodInvocationHelper.invokeMethod(MethodInvocationHelper.java:132)
at org.testng.internal.TestInvoker.invokeMethod(TestInvoker.java:599)
at org.testng.internal.TestInvoker.invokeTestMethod(TestInvoker.java:174)
at org.testng.internal.MethodRunner.runInSequence(MethodRunner.java:46)
at org.testng.internal.TestInvoker$MethodInvocationAgent.invoke(TestInvoker.java:822)
at org.testng.internal.TestInvoker.invokeTestMethods(TestInvoker.java:147)
at org.testng.internal.TestMethodWorker.invokeTestMethods(TestMethodWorker.java:146)
at org.testng.internal.TestMethodWorker.run(TestMethodWorker.java:128)
at java.util.concurrent.ThreadPoolExecutor.runWorker(ThreadPoolExecutor.java:1149)
at java.util.concurrent.ThreadPoolExecutor$Worker.run(ThreadPoolExecutor.java:624)
at java.lang.Thread.run(Thread.java:748)
]]>
    </failure>
  </testcase> <!-- TestOne -->
  <system-out/>
  <testcase name="TestOne" time="38.300" classname="testScenario.FormTest"/>
  <system-out/>
  <testcase name="TestOne" time="38.340" classname="testScenario.FormTest"/>
  <system-out/>
</testsuite> <!-- testScenario.FormTest -->
