<?xml version="1.0" encoding="UTF-8"?>
<!-- Generated by org.testng.reporters.JUnitXMLReporter -->
<testsuite hostname="LAPTOP-7H3VE7A9" ignored="0" name="Test Node1" tests="18" failures="1" timestamp="28 Oct 2020 11:58:17 GMT" time="561.282" errors="0">
  <testcase name="testOne" time="27.654" classname="testScenario.WebDevelopment">
    <failure type="java.lang.AssertionError" message="Element &amp;lt;span class=&amp;quot;udlite-accordion-panel-title&amp;quot;&amp;gt; is not clickable at point (407,67) because another element &amp;lt;div class=&amp;quot;filter-panel--filtered-course-list--SD4_5&amp;quot;&amp;gt; obscures it
Build info: version: &amp;apos;3.141.59&amp;apos;, revision: &amp;apos;e82be7d358&amp;apos;, time: &amp;apos;2018-11-14T08:17:03&amp;apos;
System info: host: &amp;apos;LAPTOP-7H3VE7A9&amp;apos;, ip: &amp;apos;192.168.29.20&amp;apos;, os.name: &amp;apos;Windows 10&amp;apos;, os.arch: &amp;apos;amd64&amp;apos;, os.version: &amp;apos;10.0&amp;apos;, java.version: &amp;apos;1.8.0_261&amp;apos;
Driver info: org.openqa.selenium.remote.RemoteWebDriver
Capabilities {acceptInsecureCerts: true, browserName: firefox, browserVersion: 81.0, javascriptEnabled: true, moz:accessibilityChecks: false, moz:buildID: 20200917005511, moz:geckodriverVersion: 0.27.0, moz:headless: false, moz:processID: 3228, moz:profile: C:\Users\Sunit Sinha\AppDat..., moz:shutdownTimeout: 60000, moz:useNonSpecCompliantPointerOrigin: false, moz:webdriverClick: true, pageLoadStrategy: normal, platform: WINDOWS, platformName: WINDOWS, platformVersion: 10.0, rotatable: false, setWindowRect: true, strictFileInteractability: false, timeouts: {implicit: 0, pageLoad: 300000, script: 30000}, unhandledPromptBehavior: dismiss and notify, webdriver.remote.sessionid: 165c8f58-1331-40b3-84d7-134...}
Session ID: 165c8f58-1331-40b3-84d7-134f6fb0d829">
      <![CDATA[java.lang.AssertionError: Element <span class="udlite-accordion-panel-title"> is not clickable at point (407,67) because another element <div class="filter-panel--filtered-course-list--SD4_5"> obscures it
Build info: version: '3.141.59', revision: 'e82be7d358', time: '2018-11-14T08:17:03'
System info: host: 'LAPTOP-7H3VE7A9', ip: '192.168.29.20', os.name: 'Windows 10', os.arch: 'amd64', os.version: '10.0', java.version: '1.8.0_261'
Driver info: org.openqa.selenium.remote.RemoteWebDriver
Capabilities {acceptInsecureCerts: true, browserName: firefox, browserVersion: 81.0, javascriptEnabled: true, moz:accessibilityChecks: false, moz:buildID: 20200917005511, moz:geckodriverVersion: 0.27.0, moz:headless: false, moz:processID: 3228, moz:profile: C:\Users\Sunit Sinha\AppDat..., moz:shutdownTimeout: 60000, moz:useNonSpecCompliantPointerOrigin: false, moz:webdriverClick: true, pageLoadStrategy: normal, platform: WINDOWS, platformName: WINDOWS, platformVersion: 10.0, rotatable: false, setWindowRect: true, strictFileInteractability: false, timeouts: {implicit: 0, pageLoad: 300000, script: 30000}, unhandledPromptBehavior: dismiss and notify, webdriver.remote.sessionid: 165c8f58-1331-40b3-84d7-134...}
Session ID: 165c8f58-1331-40b3-84d7-134f6fb0d829
	at Hackathon.identifyCourse.baseUI.reportFail(baseUI.java:464)
	at Hackathon.identifyCourse.baseUI.clickElement(baseUI.java:226)
	at testScenario.WebDevelopment.testOne(WebDevelopment.java:56)
	at java.util.concurrent.ThreadPoolExecutor.runWorker(Unknown Source)
	at java.util.concurrent.ThreadPoolExecutor$Worker.run(Unknown Source)
	at java.lang.Thread.run(Unknown Source)
... Removed 11 stack frames]]>
    </failure>
  </testcase> <!-- testOne -->
  <testcase name="testOne" time="32.467" classname="testScenario.courseTest"/>
  <testcase name="testOne" time="32.844" classname="testScenario.WebDevelopment"/>
  <testcase name="testOne" time="32.322" classname="testScenario.courseTest"/>
  <testcase name="testOne" time="31.943" classname="testScenario.courseTest"/>
  <testcase name="testOne" time="38.017" classname="testScenario.courseTest"/>
  <testcase name="testOne" time="50.032" classname="testScenario.courseTest"/>
  <testcase name="testOne" time="36.102" classname="testScenario.courseTest"/>
  <testcase name="testOne" time="36.265" classname="testScenario.courseTest"/>
  <testcase name="testOne" time="34.313" classname="testScenario.courseTest"/>
  <testcase name="testOne" time="32.727" classname="testScenario.courseTest"/>
  <testcase name="testOne" time="34.151" classname="testScenario.courseTest"/>
  <testcase name="testOne" time="33.253" classname="testScenario.courseTest"/>
  <testcase name="testOne" time="33.851" classname="testScenario.courseTest"/>
  <testcase name="testOne" time="32.364" classname="testScenario.courseTest"/>
  <testcase name="testOne" time="33.661" classname="testScenario.courseTest"/>
  <testcase name="testOne" time="35.046" classname="testScenario.courseTest"/>
  <testcase name="testOne" time="33.315" classname="testScenario.courseTest"/>
</testsuite> <!-- Test Node1 -->
