<html>
<head>
<title>TestNG:  CourseTest</title>
<link href="../testng.css" rel="stylesheet" type="text/css" />
<link href="../my-testng.css" rel="stylesheet" type="text/css" />

<style type="text/css">
.log { display: none;} 
.stack-trace { display: none;} 
</style>
<script type="text/javascript">
<!--
function flip(e) {
  current = e.style.display;
  if (current == 'block') {
    e.style.display = 'none';
    return 0;
  }
  else {
    e.style.display = 'block';
    return 1;
  }
}

function toggleBox(szDivId, elem, msg1, msg2)
{
  var res = -1;  if (document.getElementById) {
    res = flip(document.getElementById(szDivId));
  }
  else if (document.all) {
    // this is the way old msie versions work
    res = flip(document.all[szDivId]);
  }
  if(elem) {
    if(res == 0) elem.innerHTML = msg1; else elem.innerHTML = msg2;
  }

}

function toggleAllBoxes() {
  if (document.getElementsByTagName) {
    d = document.getElementsByTagName('div');
    for (i = 0; i < d.length; i++) {
      if (d[i].className == 'log') {
        flip(d[i]);
      }
    }
  }
}

// -->
</script>

</head>
<body>
<h2 align='center'>CourseTest</h2><table border='1' align="center">
<tr>
<td>Tests passed/Failed/Skipped:</td><td>14/2/0</td>
</tr><tr>
<td>Started on:</td><td>Tue Oct 20 15:42:24 IST 2020</td>
</tr>
<tr><td>Total time:</td><td>601 seconds (601525 ms)</td>
</tr><tr>
<td>Included groups:</td><td></td>
</tr><tr>
<td>Excluded groups:</td><td></td>
</tr>
</table><p/>
<small><i>(Hover the method name to see the test class name)</i></small><p/>
<table width='100%' border='1' class='invocation-failed'>
<tr><td colspan='4' align='center'><b>FAILED TESTS</b></td></tr>
<tr><td><b>Test method</b></td>
<td width="30%"><b>Exception</b></td>
<td width="10%"><b>Time (seconds)</b></td>
<td><b>Instance</b></td>
</tr>
<tr>
<td title='testScenario.courseTest.testOne()'><b>testOne</b><br>Test class: testScenario.courseTest<br>Parameters: {Language=Español, Course Name=Language Learning, Level=Intermediate, Browser=opera}</td>
<td><div><pre>java.lang.AssertionError: element not interactable
  (Session info: chrome=85.0.4183.121)
  (Driver info: operadriver=85.0.4183.102 (ffe848af6a5df4fa127e2929331116b7f9f1cb30-refs/branch-heads/4183@{#1770}),platform=Windows NT 10.0.19041 x86_64) (WARNING: The server did not provide any stacktrace information)
Command duration or timeout: 0 milliseconds
Build info: version: &apos;3.141.59&apos;, revision: &apos;e82be7d358&apos;, time: &apos;2018-11-14T08:17:03&apos;
System info: host: &apos;LAPTOP-7H3VE7A9&apos;, ip: &apos;192.168.29.20&apos;, os.name: &apos;Windows 10&apos;, os.arch: &apos;amd64&apos;, os.version: &apos;10.0&apos;, java.version: &apos;1.8.0_261&apos;
Driver info: org.openqa.selenium.opera.OperaDriver
Capabilities {acceptInsecureCerts: false, acceptSslCerts: false, applicationCacheEnabled: false, browserConnectionEnabled: false, browserName: opera, cssSelectorsEnabled: true, databaseEnabled: false, goog:chromeOptions: {debuggerAddress: localhost:15150}, handlesAlerts: true, hasTouchScreen: false, javascriptEnabled: true, locationContextEnabled: true, mobileEmulationEnabled: false, nativeEvents: true, networkConnectionEnabled: false, opera: {operadriverVersion: 85.0.4183.102 (ffe848af6a5d..., userDataDir: C:\Users\SUNITS~1\AppData\L...}, pageLoadStrategy: normal, platform: WINDOWS, platformName: WINDOWS, proxy: Proxy(), rotatable: false, setWindowRect: true, strictFileInteractability: false, takesHeapSnapshot: true, takesScreenshot: true, timeouts: {implicit: 0, pageLoad: 300000, script: 30000}, unexpectedAlertBehaviour: ignore, unhandledPromptBehavior: ignore, version: 85.0.4183.121, webStorageEnabled: true, webauthn:virtualAuthenticators: true}
Session ID: 17ce51ddf2af81d5a81de759c88a29b5
	at Hackathon.identifyCourse.baseUI.reportFail(baseUI.java:342)
	at Hackathon.identifyCourse.baseUI.clickElement(baseUI.java:149)
	at testScenario.courseTest.testOne(courseTest.java:50)
... Removed 27 stack frames</pre></div><a href='#' onClick='toggleBox("stack-trace704832331", this, "Click to show all stack frames", "Click to hide stack frames")'>Click to show all stack frames</a>
<div class='stack-trace' id='stack-trace704832331'><pre>java.lang.AssertionError: element not interactable
  (Session info: chrome=85.0.4183.121)
  (Driver info: operadriver=85.0.4183.102 (ffe848af6a5df4fa127e2929331116b7f9f1cb30-refs/branch-heads/4183@{#1770}),platform=Windows NT 10.0.19041 x86_64) (WARNING: The server did not provide any stacktrace information)
Command duration or timeout: 0 milliseconds
Build info: version: &apos;3.141.59&apos;, revision: &apos;e82be7d358&apos;, time: &apos;2018-11-14T08:17:03&apos;
System info: host: &apos;LAPTOP-7H3VE7A9&apos;, ip: &apos;192.168.29.20&apos;, os.name: &apos;Windows 10&apos;, os.arch: &apos;amd64&apos;, os.version: &apos;10.0&apos;, java.version: &apos;1.8.0_261&apos;
Driver info: org.openqa.selenium.opera.OperaDriver
Capabilities {acceptInsecureCerts: false, acceptSslCerts: false, applicationCacheEnabled: false, browserConnectionEnabled: false, browserName: opera, cssSelectorsEnabled: true, databaseEnabled: false, goog:chromeOptions: {debuggerAddress: localhost:15150}, handlesAlerts: true, hasTouchScreen: false, javascriptEnabled: true, locationContextEnabled: true, mobileEmulationEnabled: false, nativeEvents: true, networkConnectionEnabled: false, opera: {operadriverVersion: 85.0.4183.102 (ffe848af6a5d..., userDataDir: C:\Users\SUNITS~1\AppData\L...}, pageLoadStrategy: normal, platform: WINDOWS, platformName: WINDOWS, proxy: Proxy(), rotatable: false, setWindowRect: true, strictFileInteractability: false, takesHeapSnapshot: true, takesScreenshot: true, timeouts: {implicit: 0, pageLoad: 300000, script: 30000}, unexpectedAlertBehaviour: ignore, unhandledPromptBehavior: ignore, version: 85.0.4183.121, webStorageEnabled: true, webauthn:virtualAuthenticators: true}
Session ID: 17ce51ddf2af81d5a81de759c88a29b5
	at org.testng.Assert.fail(Assert.java:94)
	at Hackathon.identifyCourse.baseUI.reportFail(baseUI.java:342)
	at Hackathon.identifyCourse.baseUI.clickElement(baseUI.java:149)
	at testScenario.courseTest.testOne(courseTest.java:50)
	at sun.reflect.NativeMethodAccessorImpl.invoke0(Native Method)
	at sun.reflect.NativeMethodAccessorImpl.invoke(Unknown Source)
	at sun.reflect.DelegatingMethodAccessorImpl.invoke(Unknown Source)
	at java.lang.reflect.Method.invoke(Unknown Source)
	at org.testng.internal.MethodInvocationHelper.invokeMethod(MethodInvocationHelper.java:104)
	at org.testng.internal.Invoker.invokeMethod(Invoker.java:645)
	at org.testng.internal.Invoker.invokeTestMethod(Invoker.java:851)
	at org.testng.internal.Invoker.invokeTestMethods(Invoker.java:1177)
	at org.testng.internal.TestMethodWorker.invokeTestMethods(TestMethodWorker.java:129)
	at org.testng.internal.TestMethodWorker.run(TestMethodWorker.java:112)
	at org.testng.TestRunner.privateRun(TestRunner.java:756)
	at org.testng.TestRunner.run(TestRunner.java:610)
	at org.testng.SuiteRunner.runTest(SuiteRunner.java:387)
	at org.testng.SuiteRunner.runSequentially(SuiteRunner.java:382)
	at org.testng.SuiteRunner.privateRun(SuiteRunner.java:340)
	at org.testng.SuiteRunner.run(SuiteRunner.java:289)
	at org.testng.SuiteRunnerWorker.runSuite(SuiteRunnerWorker.java:52)
	at org.testng.SuiteRunnerWorker.run(SuiteRunnerWorker.java:86)
	at org.testng.TestNG.runSuitesSequentially(TestNG.java:1293)
	at org.testng.TestNG.runSuitesSequentially(TestNG.java:1289)
	at org.testng.TestNG.runSuitesLocally(TestNG.java:1218)
	at org.testng.TestNG.runSuites(TestNG.java:1133)
	at org.testng.TestNG.run(TestNG.java:1104)
	at org.testng.remote.AbstractRemoteTestNG.run(AbstractRemoteTestNG.java:132)
	at org.testng.remote.RemoteTestNG.initAndRun(RemoteTestNG.java:236)
	at org.testng.remote.RemoteTestNG.main(RemoteTestNG.java:81)
</pre></div></td>
<td>76</td>
<td>testScenario.courseTest@2b71e916</td></tr>
<tr>
<td title='testScenario.courseTest.testOne()'><b>testOne</b><br>Test class: testScenario.courseTest<br>Parameters: {Language=Português, Course Name=Language Learning, Level=Intermediate, Browser=opera}</td>
<td><div><pre>java.lang.AssertionError: element not interactable
  (Session info: chrome=85.0.4183.121)
  (Driver info: operadriver=85.0.4183.102 (ffe848af6a5df4fa127e2929331116b7f9f1cb30-refs/branch-heads/4183@{#1770}),platform=Windows NT 10.0.19041 x86_64) (WARNING: The server did not provide any stacktrace information)
Command duration or timeout: 0 milliseconds
Build info: version: &apos;3.141.59&apos;, revision: &apos;e82be7d358&apos;, time: &apos;2018-11-14T08:17:03&apos;
System info: host: &apos;LAPTOP-7H3VE7A9&apos;, ip: &apos;192.168.29.20&apos;, os.name: &apos;Windows 10&apos;, os.arch: &apos;amd64&apos;, os.version: &apos;10.0&apos;, java.version: &apos;1.8.0_261&apos;
Driver info: org.openqa.selenium.opera.OperaDriver
Capabilities {acceptInsecureCerts: false, acceptSslCerts: false, applicationCacheEnabled: false, browserConnectionEnabled: false, browserName: opera, cssSelectorsEnabled: true, databaseEnabled: false, goog:chromeOptions: {debuggerAddress: localhost:15422}, handlesAlerts: true, hasTouchScreen: false, javascriptEnabled: true, locationContextEnabled: true, mobileEmulationEnabled: false, nativeEvents: true, networkConnectionEnabled: false, opera: {operadriverVersion: 85.0.4183.102 (ffe848af6a5d..., userDataDir: C:\Users\SUNITS~1\AppData\L...}, pageLoadStrategy: normal, platform: WINDOWS, platformName: WINDOWS, proxy: Proxy(), rotatable: false, setWindowRect: true, strictFileInteractability: false, takesHeapSnapshot: true, takesScreenshot: true, timeouts: {implicit: 0, pageLoad: 300000, script: 30000}, unexpectedAlertBehaviour: ignore, unhandledPromptBehavior: ignore, version: 85.0.4183.121, webStorageEnabled: true, webauthn:virtualAuthenticators: true}
Session ID: 51612f3ff36a64fe1e7c9572eb6a5cf8
	at Hackathon.identifyCourse.baseUI.reportFail(baseUI.java:342)
	at Hackathon.identifyCourse.baseUI.clickElement(baseUI.java:149)
	at testScenario.courseTest.testOne(courseTest.java:50)
... Removed 27 stack frames</pre></div><a href='#' onClick='toggleBox("stack-trace408551386", this, "Click to show all stack frames", "Click to hide stack frames")'>Click to show all stack frames</a>
<div class='stack-trace' id='stack-trace408551386'><pre>java.lang.AssertionError: element not interactable
  (Session info: chrome=85.0.4183.121)
  (Driver info: operadriver=85.0.4183.102 (ffe848af6a5df4fa127e2929331116b7f9f1cb30-refs/branch-heads/4183@{#1770}),platform=Windows NT 10.0.19041 x86_64) (WARNING: The server did not provide any stacktrace information)
Command duration or timeout: 0 milliseconds
Build info: version: &apos;3.141.59&apos;, revision: &apos;e82be7d358&apos;, time: &apos;2018-11-14T08:17:03&apos;
System info: host: &apos;LAPTOP-7H3VE7A9&apos;, ip: &apos;192.168.29.20&apos;, os.name: &apos;Windows 10&apos;, os.arch: &apos;amd64&apos;, os.version: &apos;10.0&apos;, java.version: &apos;1.8.0_261&apos;
Driver info: org.openqa.selenium.opera.OperaDriver
Capabilities {acceptInsecureCerts: false, acceptSslCerts: false, applicationCacheEnabled: false, browserConnectionEnabled: false, browserName: opera, cssSelectorsEnabled: true, databaseEnabled: false, goog:chromeOptions: {debuggerAddress: localhost:15422}, handlesAlerts: true, hasTouchScreen: false, javascriptEnabled: true, locationContextEnabled: true, mobileEmulationEnabled: false, nativeEvents: true, networkConnectionEnabled: false, opera: {operadriverVersion: 85.0.4183.102 (ffe848af6a5d..., userDataDir: C:\Users\SUNITS~1\AppData\L...}, pageLoadStrategy: normal, platform: WINDOWS, platformName: WINDOWS, proxy: Proxy(), rotatable: false, setWindowRect: true, strictFileInteractability: false, takesHeapSnapshot: true, takesScreenshot: true, timeouts: {implicit: 0, pageLoad: 300000, script: 30000}, unexpectedAlertBehaviour: ignore, unhandledPromptBehavior: ignore, version: 85.0.4183.121, webStorageEnabled: true, webauthn:virtualAuthenticators: true}
Session ID: 51612f3ff36a64fe1e7c9572eb6a5cf8
	at org.testng.Assert.fail(Assert.java:94)
	at Hackathon.identifyCourse.baseUI.reportFail(baseUI.java:342)
	at Hackathon.identifyCourse.baseUI.clickElement(baseUI.java:149)
	at testScenario.courseTest.testOne(courseTest.java:50)
	at sun.reflect.NativeMethodAccessorImpl.invoke0(Native Method)
	at sun.reflect.NativeMethodAccessorImpl.invoke(Unknown Source)
	at sun.reflect.DelegatingMethodAccessorImpl.invoke(Unknown Source)
	at java.lang.reflect.Method.invoke(Unknown Source)
	at org.testng.internal.MethodInvocationHelper.invokeMethod(MethodInvocationHelper.java:104)
	at org.testng.internal.Invoker.invokeMethod(Invoker.java:645)
	at org.testng.internal.Invoker.invokeTestMethod(Invoker.java:851)
	at org.testng.internal.Invoker.invokeTestMethods(Invoker.java:1177)
	at org.testng.internal.TestMethodWorker.invokeTestMethods(TestMethodWorker.java:129)
	at org.testng.internal.TestMethodWorker.run(TestMethodWorker.java:112)
	at org.testng.TestRunner.privateRun(TestRunner.java:756)
	at org.testng.TestRunner.run(TestRunner.java:610)
	at org.testng.SuiteRunner.runTest(SuiteRunner.java:387)
	at org.testng.SuiteRunner.runSequentially(SuiteRunner.java:382)
	at org.testng.SuiteRunner.privateRun(SuiteRunner.java:340)
	at org.testng.SuiteRunner.run(SuiteRunner.java:289)
	at org.testng.SuiteRunnerWorker.runSuite(SuiteRunnerWorker.java:52)
	at org.testng.SuiteRunnerWorker.run(SuiteRunnerWorker.java:86)
	at org.testng.TestNG.runSuitesSequentially(TestNG.java:1293)
	at org.testng.TestNG.runSuitesSequentially(TestNG.java:1289)
	at org.testng.TestNG.runSuitesLocally(TestNG.java:1218)
	at org.testng.TestNG.runSuites(TestNG.java:1133)
	at org.testng.TestNG.run(TestNG.java:1104)
	at org.testng.remote.AbstractRemoteTestNG.run(AbstractRemoteTestNG.java:132)
	at org.testng.remote.RemoteTestNG.initAndRun(RemoteTestNG.java:236)
	at org.testng.remote.RemoteTestNG.main(RemoteTestNG.java:81)
</pre></div></td>
<td>76</td>
<td>testScenario.courseTest@2b71e916</td></tr>
</table><p>
<table width='100%' border='1' class='invocation-passed'>
<tr><td colspan='4' align='center'><b>PASSED TESTS</b></td></tr>
<tr><td><b>Test method</b></td>
<td width="30%"><b>Exception</b></td>
<td width="10%"><b>Time (seconds)</b></td>
<td><b>Instance</b></td>
</tr>
<tr>
<td title='testScenario.courseTest.testOne()'><b>testOne</b><br>Test class: testScenario.courseTest<br>Parameters: {Language=English, Course Name=Language Learning, Level=All Levels, Browser=chrome}</td>
<td></td>
<td>32</td>
<td>testScenario.courseTest@2b71e916</td></tr>
<tr>
<td title='testScenario.courseTest.testOne()'><b>testOne</b><br>Test class: testScenario.courseTest<br>Parameters: {Language=Español, Course Name=Language Learning, Level=All Levels, Browser=chrome}</td>
<td></td>
<td>30</td>
<td>testScenario.courseTest@2b71e916</td></tr>
<tr>
<td title='testScenario.courseTest.testOne()'><b>testOne</b><br>Test class: testScenario.courseTest<br>Parameters: {Language=Português, Course Name=Language Learning, Level=All Levels, Browser=chrome}</td>
<td></td>
<td>30</td>
<td>testScenario.courseTest@2b71e916</td></tr>
<tr>
<td title='testScenario.courseTest.testOne()'><b>testOne</b><br>Test class: testScenario.courseTest<br>Parameters: {Language=Türkçe, Course Name=Language Learning, Level=All Levels, Browser=chrome}</td>
<td></td>
<td>30</td>
<td>testScenario.courseTest@2b71e916</td></tr>
<tr>
<td title='testScenario.courseTest.testOne()'><b>testOne</b><br>Test class: testScenario.courseTest<br>Parameters: {Language=English, Course Name=Language Learning, Level=Beginner, Browser=firefox}</td>
<td></td>
<td>33</td>
<td>testScenario.courseTest@2b71e916</td></tr>
<tr>
<td title='testScenario.courseTest.testOne()'><b>testOne</b><br>Test class: testScenario.courseTest<br>Parameters: {Language=Español, Course Name=Language Learning, Level=Beginner, Browser=firefox}</td>
<td></td>
<td>34</td>
<td>testScenario.courseTest@2b71e916</td></tr>
<tr>
<td title='testScenario.courseTest.testOne()'><b>testOne</b><br>Test class: testScenario.courseTest<br>Parameters: {Language=Português, Course Name=Language Learning, Level=Beginner, Browser=firefox}</td>
<td></td>
<td>32</td>
<td>testScenario.courseTest@2b71e916</td></tr>
<tr>
<td title='testScenario.courseTest.testOne()'><b>testOne</b><br>Test class: testScenario.courseTest<br>Parameters: {Language=Deutsch, Course Name=Language Learning, Level=Beginner, Browser=firefox}</td>
<td></td>
<td>32</td>
<td>testScenario.courseTest@2b71e916</td></tr>
<tr>
<td title='testScenario.courseTest.testOne()'><b>testOne</b><br>Test class: testScenario.courseTest<br>Parameters: {Language=English, Course Name=Language Learning, Level=Intermediate, Browser=opera}</td>
<td></td>
<td>33</td>
<td>testScenario.courseTest@2b71e916</td></tr>
<tr>
<td title='testScenario.courseTest.testOne()'><b>testOne</b><br>Test class: testScenario.courseTest<br>Parameters: {Language=Deutsch, Course Name=Language Learning, Level=Intermediate, Browser=opera}</td>
<td></td>
<td>30</td>
<td>testScenario.courseTest@2b71e916</td></tr>
<tr>
<td title='testScenario.courseTest.testOne()'><b>testOne</b><br>Test class: testScenario.courseTest<br>Parameters: {Language=English, Course Name=Language Learning, Level=Expert, Browser=chrome}</td>
<td></td>
<td>31</td>
<td>testScenario.courseTest@2b71e916</td></tr>
<tr>
<td title='testScenario.courseTest.testOne()'><b>testOne</b><br>Test class: testScenario.courseTest<br>Parameters: {Language=Español, Course Name=Language Learning, Level=Expert, Browser=chrome}</td>
<td></td>
<td>34</td>
<td>testScenario.courseTest@2b71e916</td></tr>
<tr>
<td title='testScenario.courseTest.testOne()'><b>testOne</b><br>Test class: testScenario.courseTest<br>Parameters: {Language=Português, Course Name=Language Learning, Level=Expert, Browser=chrome}</td>
<td></td>
<td>31</td>
<td>testScenario.courseTest@2b71e916</td></tr>
<tr>
<td title='testScenario.courseTest.testOne()'><b>testOne</b><br>Test class: testScenario.courseTest<br>Parameters: {Language=Türkçe, Course Name=Language Learning, Level=Expert, Browser=chrome}</td>
<td></td>
<td>30</td>
<td>testScenario.courseTest@2b71e916</td></tr>
</table><p>
</body>
</html>