-------------------------------------------------------------------------------
Test set: TestSuite
-------------------------------------------------------------------------------
Tests run: 22, Failures: 1, Errors: 0, Skipped: 0, Time elapsed: 515.583 s <<< FAILURE! - in TestSuite
testScenario.FormTest.TestOne[{Company size=1â€“199, First Name=sunit , Phone=, Work Email=asdf@kiit.com, Company Name=czt, Job Title=analyst, Browser=chrome, Last Name=sinha, people=Just myself}](2)  Time elapsed: 13.185 s  <<< FAILURE!
java.lang.AssertionError: 
timeout: Timed out receiving message from renderer: 60.000
  (Session info: chrome=86.0.4240.111)
Build info: version: '3.141.59', revision: 'e82be7d358', time: '2018-11-14T08:17:03'
System info: host: 'LAPTOP-7H3VE7A9', ip: '192.168.29.20', os.name: 'Windows 10', os.arch: 'amd64', os.version: '10.0', java.version: '1.8.0_261'
Driver info: org.openqa.selenium.remote.RemoteWebDriver
Capabilities {acceptInsecureCerts: false, browserName: chrome, browserVersion: 86.0.4240.111, chrome: {chromedriverVersion: 86.0.4240.22 (398b0743353ff..., userDataDir: C:\Users\SUNITS~1\AppData\L...}, goog:chromeOptions: {debuggerAddress: localhost:15388}, javascriptEnabled: true, networkConnectionEnabled: false, pageLoadStrategy: normal, platform: WINDOWS, platformName: WINDOWS, proxy: Proxy(), setWindowRect: true, strictFileInteractability: false, timeouts: {implicit: 0, pageLoad: 300000, script: 30000}, unhandledPromptBehavior: dismiss and notify, webauthn:virtualAuthenticators: true, webdriver.remote.sessionid: 9cff22605d94e26e51f4336d906...}
Session ID: 9cff22605d94e26e51f4336d9061d765
*** Element info: {Using=xpath, value=//input[@name='FirstName']}
	at testScenario.FormTest.TestOne(FormTest.java:34)

