<?xml version="1.0" encoding="UTF-8"?>
<!-- Generated by org.testng.reporters.JUnitXMLReporter -->
<testsuite hostname="LAPTOP-7H3VE7A9" ignored="0" name="Test Node1" tests="22" failures="1" timestamp="2020-10-28T18:07:43 IST" time="515.02" errors="0">
  <testcase name="testOne" time="35.73" classname="testScenario.courseTest"/>
  <testcase name="testOne" time="36.946" classname="testScenario.WebDevelopment"/>
  <testcase name="TestOne" time="38.3" classname="testScenario.FormTest"/>
  <testcase name="testOne" time="31.589" classname="testScenario.courseTest"/>
  <testcase name="testOne" time="32.982" classname="testScenario.WebDevelopment"/>
  <testcase name="testOne" time="31.732" classname="testScenario.courseTest"/>
  <testcase name="TestOne" time="73.934" classname="testScenario.FormTest">
    <failure type="java.lang.AssertionError" message="timeout: Timed out receiving message from renderer: 60.000
  (Session info: chrome=86.0.4240.111)
Build info: version: &amp;apos;3.141.59&amp;apos;, revision: &amp;apos;e82be7d358&amp;apos;, time: &amp;apos;2018-11-14T08:17:03&amp;apos;
System info: host: &amp;apos;LAPTOP-7H3VE7A9&amp;apos;, ip: &amp;apos;192.168.29.20&amp;apos;, os.name: &amp;apos;Windows 10&amp;apos;, os.arch: &amp;apos;amd64&amp;apos;, os.version: &amp;apos;10.0&amp;apos;, java.version: &amp;apos;1.8.0_261&amp;apos;
Driver info: org.openqa.selenium.remote.RemoteWebDriver
Capabilities {acceptInsecureCerts: false, browserName: chrome, browserVersion: 86.0.4240.111, chrome: {chromedriverVersion: 86.0.4240.22 (398b0743353ff..., userDataDir: C:\Users\SUNITS~1\AppData\L...}, goog:chromeOptions: {debuggerAddress: localhost:15388}, javascriptEnabled: true, networkConnectionEnabled: false, pageLoadStrategy: normal, platform: WINDOWS, platformName: WINDOWS, proxy: Proxy(), setWindowRect: true, strictFileInteractability: false, timeouts: {implicit: 0, pageLoad: 300000, script: 30000}, unhandledPromptBehavior: dismiss and notify, webauthn:virtualAuthenticators: true, webdriver.remote.sessionid: 9cff22605d94e26e51f4336d906...}
Session ID: 9cff22605d94e26e51f4336d9061d765
*** Element info: {Using=xpath, value=//input[@name=&amp;apos;FirstName&amp;apos;]}">
      <![CDATA[java.lang.AssertionError: timeout: Timed out receiving message from renderer: 60.000
  (Session info: chrome=86.0.4240.111)
Build info: version: '3.141.59', revision: 'e82be7d358', time: '2018-11-14T08:17:03'
System info: host: 'LAPTOP-7H3VE7A9', ip: '192.168.29.20', os.name: 'Windows 10', os.arch: 'amd64', os.version: '10.0', java.version: '1.8.0_261'
Driver info: org.openqa.selenium.remote.RemoteWebDriver
Capabilities {acceptInsecureCerts: false, browserName: chrome, browserVersion: 86.0.4240.111, chrome: {chromedriverVersion: 86.0.4240.22 (398b0743353ff..., userDataDir: C:\Users\SUNITS~1\AppData\L...}, goog:chromeOptions: {debuggerAddress: localhost:15388}, javascriptEnabled: true, networkConnectionEnabled: false, pageLoadStrategy: normal, platform: WINDOWS, platformName: WINDOWS, proxy: Proxy(), setWindowRect: true, strictFileInteractability: false, timeouts: {implicit: 0, pageLoad: 300000, script: 30000}, unhandledPromptBehavior: dismiss and notify, webauthn:virtualAuthenticators: true, webdriver.remote.sessionid: 9cff22605d94e26e51f4336d906...}
Session ID: 9cff22605d94e26e51f4336d9061d765
*** Element info: {Using=xpath, value=//input[@name='FirstName']}
at Hackathon.identifyCourse.baseUI.reportFail(baseUI.java:464)
at Hackathon.identifyCourse.baseUI.getElement(baseUI.java:411)
at Hackathon.identifyCourse.baseUI.enterText(baseUI.java:208)
at testScenario.FormTest.TestOne(FormTest.java:34)
at java.util.concurrent.ThreadPoolExecutor.runWorker(ThreadPoolExecutor.java:1149)
at java.util.concurrent.ThreadPoolExecutor$Worker.run(ThreadPoolExecutor.java:624)
at java.lang.Thread.run(Thread.java:748)
... Removed 13 stack frames]]>
    </failure>
  </testcase> <!-- TestOne -->
  <testcase name="testOne" time="31.819" classname="testScenario.courseTest"/>
  <testcase name="TestOne" time="38.34" classname="testScenario.FormTest"/>
  <testcase name="testOne" time="34.892" classname="testScenario.courseTest"/>
  <testcase name="TestOne" time="36.603" classname="testScenario.FormTest"/>
  <testcase name="testOne" time="34.544" classname="testScenario.courseTest"/>
  <testcase name="testOne" time="31.509" classname="testScenario.courseTest"/>
  <testcase name="testOne" time="31.658" classname="testScenario.courseTest"/>
  <testcase name="testOne" time="30.252" classname="testScenario.courseTest"/>
  <testcase name="testOne" time="30.733" classname="testScenario.courseTest"/>
  <testcase name="testOne" time="31.107" classname="testScenario.courseTest"/>
  <testcase name="testOne" time="30.23" classname="testScenario.courseTest"/>
  <testcase name="testOne" time="32.051" classname="testScenario.courseTest"/>
  <testcase name="testOne" time="31.845" classname="testScenario.courseTest"/>
  <testcase name="testOne" time="31.582" classname="testScenario.courseTest"/>
  <testcase name="testOne" time="32.942" classname="testScenario.courseTest"/>
</testsuite> <!-- Test Node1 -->
